This is pdfTeX, Version 3.141592653-2.6-1.40.29 (MiKTeX 26.5) (preloaded format=pdflatex 2026.6.11)  11 JUN 2026 17:20
entering extended mode
 restricted \write18 enabled.
 file:line:error style messages enabled.
 %&-line parsing enabled.
**"c:/Users/xolor/OneDrive - Università degli Studi di Catania/Università/Magistrale/Cognitive/Progetto/report.tex"
(c:/Users/xolor/OneDrive - Università degli Studi di Catania/Università/Magistrale/Cognitive/Progetto/report.tex
LaTeX2e <2026-06-01>
L3 programming layer <2026-05-26>
(C:\Users\xolor\AppData\Local\Programs\MiKTeX\tex/latex/base\article.cls
Document Class: article 2025/01/22 v1.4n Standard LaTeX document class
(C:\Users\xolor\AppData\Local\Programs\MiKTeX\tex/latex/base\size11.clo
File: size11.clo 2025/01/22 v1.4n Standard LaTeX file (size option)
)
\c@part=\count276
\c@section=\count277
\c@subsection=\count278
\c@subsubsection=\count279
\c@paragraph=\count280
\c@subparagraph=\count281
\c@figure=\count282
\c@table=\count283
\abovecaptionskip=\skip49
\belowcaptionskip=\skip50
\bibindent=\dimen150
) (C:\Users\xolor\AppData\Local\Programs\MiKTeX\tex/latex/geometry\geometry.sty
Package: geometry 2026/03/07 v6.0 Page Geometry
 (C:\Users\xolor\AppData\Local\Programs\MiKTeX\tex/latex/graphics\keyval.sty
Package: keyval 2026-05-17 v1.15 key=value parser (DPC)
\KV@toks@=\toks17
) (C:\Users\xolor\AppData\Local\Programs\MiKTeX\tex/generic/iftex\ifvtex.sty
Package: ifvtex 2019/10/25 v1.7 ifvtex legacy package. Use iftex instead.
 (C:\Users\xolor\AppData\Local\Programs\MiKTeX\tex/generic/iftex\iftex.sty
Package: iftex 2024/12/12 v1.0g TeX engine tests
))
\Gm@cnth=\count284
\Gm@cntv=\count285
\c@Gm@tempcnt=\count286
\Gm@bindingoffset=\dimen151
\Gm@wd@mp=\dimen152
\Gm@odd@mp=\dimen153
\Gm@even@mp=\dimen154
\Gm@layoutwidth=\dimen155
\Gm@layoutheight=\dimen156
\Gm@layouthoffset=\dimen157
\Gm@layoutvoffset=\dimen158
\Gm@dimlist=\toks18
 (C:\Users\xolor\AppData\Local\Programs\MiKTeX\tex/latex/geometry\geometry.cfg)) (C:\Users\xolor\AppData\Local\Programs\MiKTeX\tex/latex/graphics\graphicx.sty
Package: graphicx 2026-05-17 v1.2e Enhanced LaTeX Graphics (DPC,SPQR)
 (C:\Users\xolor\AppData\Local\Programs\MiKTeX\tex/latex/graphics\graphics.sty
Package: graphics 2026-05-17 v1.4h Standard LaTeX Graphics (DPC,SPQR)
 (C:\Users\xolor\AppData\Local\Programs\MiKTeX\tex/latex/graphics\trig.sty
Package: trig 2023/12/02 v1.11 sin cos tan (DPC)
) (C:\Users\xolor\AppData\Local\Programs\MiKTeX\tex/latex/graphics-cfg\graphics.cfg
File: graphics.cfg 2016/06/04 v1.11 sample graphics configuration
)
Package graphics Info: Driver file: pdftex.def on input line 106.
 (C:\Users\xolor\AppData\Local\Programs\MiKTeX\tex/latex/graphics-def\pdftex.def
File: pdftex.def 2025/09/29 v1.2d Graphics/color driver for pdftex
))
\Gin@req@height=\dimen159
\Gin@req@width=\dimen160
) (C:\Users\xolor\AppData\Local\Programs\MiKTeX\tex/latex/hyperref\hyperref.sty
Package: hyperref 2026-04-24 v7.01q Hypertext links for LaTeX
 (C:\Users\xolor\AppData\Local\Programs\MiKTeX\tex/latex/kvsetkeys\kvsetkeys.sty
Package: kvsetkeys 2022-10-05 v1.19 Key value parser (HO)
) (C:\Users\xolor\AppData\Local\Programs\MiKTeX\tex/generic/kvdefinekeys\kvdefinekeys.sty
Package: kvdefinekeys 2019-12-19 v1.6 Define keys (HO)
) (C:\Users\xolor\AppData\Local\Programs\MiKTeX\tex/generic/pdfescape\pdfescape.sty
Package: pdfescape 2019/12/09 v1.15 Implements pdfTeX's escape features (HO)
 (C:\Users\xolor\AppData\Local\Programs\MiKTeX\tex/generic/ltxcmds\ltxcmds.sty
Package: ltxcmds 2023-12-04 v1.26 LaTeX kernel commands for general use (HO)
) (C:\Users\xolor\AppData\Local\Programs\MiKTeX\tex/generic/pdftexcmds\pdftexcmds.sty
Package: pdftexcmds 2020-06-27 v0.33 Utility functions of pdfTeX for LuaTeX (HO)
 (C:\Users\xolor\AppData\Local\Programs\MiKTeX\tex/generic/infwarerr\infwarerr.sty
Package: infwarerr 2019/12/03 v1.5 Providing info/warning/error messages (HO)
)
Package pdftexcmds Info: \pdf@primitive is available.
Package pdftexcmds Info: \pdf@ifprimitive is available.
Package pdftexcmds Info: \pdfdraftmode found.
)) (C:\Users\xolor\AppData\Local\Programs\MiKTeX\tex/latex/hycolor\hycolor.sty
Package: hycolor 2020-01-27 v1.10 Color options for hyperref/bookmark (HO)
) (C:\Users\xolor\AppData\Local\Programs\MiKTeX\tex/latex/hyperref\nameref.sty
Package: nameref 2026-01-29 v2.58 Cross-referencing by name of section
 (C:\Users\xolor\AppData\Local\Programs\MiKTeX\tex/latex/refcount\refcount.sty
Package: refcount 2019/12/15 v3.6 Data extraction from label references (HO)
) (C:\Users\xolor\AppData\Local\Programs\MiKTeX\tex/generic/gettitlestring\gettitlestring.sty
Package: gettitlestring 2019/12/15 v1.6 Cleanup title references (HO)
 (C:\Users\xolor\AppData\Local\Programs\MiKTeX\tex/latex/kvoptions\kvoptions.sty
Package: kvoptions 2022-06-15 v3.15 Key value format for package options (HO)
))
\c@section@level=\count287
) (C:\Users\xolor\AppData\Local\Programs\MiKTeX\tex/latex/etoolbox\etoolbox.sty
Package: etoolbox 2025/10/02 v2.5m e-TeX tools for LaTeX (JAW)
\etb@tempcnta=\count288
) (C:\Users\xolor\AppData\Local\Programs\MiKTeX\tex/generic/stringenc\stringenc.sty
Package: stringenc 2019/11/29 v1.12 Convert strings between diff. encodings (HO)
)
\@linkdim=\dimen161
\Hy@linkcounter=\count289
\Hy@pagecounter=\count290
 (C:\Users\xolor\AppData\Local\Programs\MiKTeX\tex/latex/hyperref\pd1enc.def
File: pd1enc.def 2026-04-24 v7.01q Hyperref: PDFDocEncoding definition (HO)
Now handling font encoding PD1 ...
... no UTF-8 mapping file for font encoding PD1
) (C:\Users\xolor\AppData\Local\Programs\MiKTeX\tex/generic/intcalc\intcalc.sty
Package: intcalc 2019/12/15 v1.3 Expandable calculations with integers (HO)
)
\Hy@SavedSpaceFactor=\count291
 (C:\Users\xolor\AppData\Local\Programs\MiKTeX\tex/latex/hyperref\puenc.def
File: puenc.def 2026-04-24 v7.01q Hyperref: PDF Unicode definition (HO)
Now handling font encoding PU ...
... no UTF-8 mapping file for font encoding PU
)
Package hyperref Info: Hyper figures OFF on input line 4199.
Package hyperref Info: Link nesting OFF on input line 4204.
Package hyperref Info: Hyper index ON on input line 4207.
Package hyperref Info: Plain pages OFF on input line 4214.
Package hyperref Info: Backreferencing OFF on input line 4219.
Package hyperref Info: Implicit mode ON; LaTeX internals redefined.
Package hyperref Info: Bookmarks ON on input line 4466.
\c@Hy@tempcnt=\count292
 (C:\Users\xolor\AppData\Local\Programs\MiKTeX\tex/latex/url\url.sty
\Urlmuskip=\muskip17
Package: url 2013/09/16  ver 3.4  Verb mode for urls, etc.
)
LaTeX Info: Redefining \url on input line 4805.
\XeTeXLinkMargin=\dimen162
 (C:\Users\xolor\AppData\Local\Programs\MiKTeX\tex/generic/bitset\bitset.sty
Package: bitset 2019/12/09 v1.3 Handle bit-vector datatype (HO)
 (C:\Users\xolor\AppData\Local\Programs\MiKTeX\tex/generic/bigintcalc\bigintcalc.sty
Package: bigintcalc 2019/12/15 v1.5 Expandable calculations on big integers (HO)
))
\Fld@menulength=\count293
\Field@Width=\dimen163
\Fld@charsize=\dimen164
Package hyperref Info: Hyper figures OFF on input line 6091.
Package hyperref Info: Link nesting OFF on input line 6096.
Package hyperref Info: Hyper index ON on input line 6099.
Package hyperref Info: backreferencing OFF on input line 6106.
Package hyperref Info: Link coloring OFF on input line 6111.
Package hyperref Info: Link coloring with OCG OFF on input line 6116.
Package hyperref Info: PDF/A mode OFF on input line 6121.
\Hy@abspage=\count294
\c@Item=\count295
\c@Hfootnote=\count296
)
Package hyperref Info: Driver (autodetected): hpdftex.
 (C:\Users\xolor\AppData\Local\Programs\MiKTeX\tex/latex/hyperref\hpdftex.def
File: hpdftex.def 2026-04-24 v7.01q Hyperref driver for pdfTeX
\Fld@listcount=\count297
\c@bookmark@seq@number=\count298
 (C:\Users\xolor\AppData\Local\Programs\MiKTeX\tex/latex/rerunfilecheck\rerunfilecheck.sty
Package: rerunfilecheck 2025-06-21 v1.11 Rerun checks for auxiliary files (HO)
 (C:\Users\xolor\AppData\Local\Programs\MiKTeX\tex/generic/uniquecounter\uniquecounter.sty
Package: uniquecounter 2019/12/15 v1.4 Provide unlimited unique counter (HO)
)
Package uniquecounter Info: New unique counter `rerunfilecheck' on input line 284.
)
\Hy@SectionHShift=\skip51
) (C:\Users\xolor\AppData\Local\Programs\MiKTeX\tex/latex/float\float.sty
Package: float 2001/11/08 v1.3d Float enhancements (AL)
\c@float@type=\count299
\float@exts=\toks19
\float@box=\box53
\@float@everytoks=\toks20
\@floatcapt=\box54
) (C:\Users\xolor\AppData\Local\Programs\MiKTeX\tex/latex/l3backend\l3backend-pdftex.def
File: l3backend-pdftex.def 2026-02-18 L3 backend support: PDF output (pdfTeX)
\l__color_backend_stack_int=\count300
) (report.aux)
\openout1 = `report.aux'.

LaTeX Font Info:    Checking defaults for OML/cmm/m/it on input line 13.
LaTeX Font Info:    ... okay on input line 13.
LaTeX Font Info:    Checking defaults for OMS/cmsy/m/n on input line 13.
LaTeX Font Info:    ... okay on input line 13.
LaTeX Font Info:    Checking defaults for OT1/cmr/m/n on input line 13.
LaTeX Font Info:    ... okay on input line 13.
LaTeX Font Info:    Checking defaults for T1/cmr/m/n on input line 13.
LaTeX Font Info:    ... okay on input line 13.
LaTeX Font Info:    Checking defaults for TS1/cmr/m/n on input line 13.
LaTeX Font Info:    ... okay on input line 13.
LaTeX Font Info:    Checking defaults for OMX/cmex/m/n on input line 13.
LaTeX Font Info:    ... okay on input line 13.
LaTeX Font Info:    Checking defaults for U/cmr/m/n on input line 13.
LaTeX Font Info:    ... okay on input line 13.
LaTeX Font Info:    Checking defaults for PD1/pdf/m/n on input line 13.
LaTeX Font Info:    ... okay on input line 13.
LaTeX Font Info:    Checking defaults for PU/pdf/m/n on input line 13.
LaTeX Font Info:    ... okay on input line 13.

*geometry* driver: auto-detecting
*geometry* detected driver: pdftex
*geometry* verbose mode - [ preamble ] result:
* driver: pdftex
* paper: a4paper
* layout: <same size as paper>
* layoutoffset:(h,v)=(0.0pt,0.0pt)
* modes: 
* h-part:(L,W,R)=(71.13188pt, 455.24411pt, 71.13188pt)
* v-part:(T,H,B)=(71.13188pt, 702.78308pt, 71.13188pt)
* \paperwidth=597.50787pt
* \paperheight=845.04684pt
* \textwidth=455.24411pt
* \textheight=702.78308pt
* \oddsidemargin=-1.1381pt
* \evensidemargin=-1.1381pt
* \topmargin=-38.1381pt
* \headheight=12.0pt
* \headsep=25.0pt
* \topskip=11.0pt
* \footskip=30.0pt
* \marginparwidth=50.0pt
* \marginparsep=10.0pt
* \columnsep=10.0pt
* \skip\footins=10.0pt plus 4.0pt minus 2.0pt
* \hoffset=0.0pt
* \voffset=0.0pt
* \mag=1000
* \@twocolumnfalse
* \@twosidefalse
* \@mparswitchfalse
* \@reversemarginfalse
* (1in=72.27pt=25.4mm, 1cm=28.453pt)

(C:\Users\xolor\AppData\Local\Programs\MiKTeX\tex/context/base/mkii\supp-pdf.mkii
[Loading MPS to PDF converter (version 2006.09.02).]
\scratchcounter=\count301
\scratchdimen=\dimen165
\scratchbox=\box55
\nofMPsegments=\count302
\nofMParguments=\count303
\everyMPshowfont=\toks21
\MPscratchCnt=\count304
\MPscratchDim=\dimen166
\MPnumerator=\count305
\makeMPintoPDFobject=\count306
\everyMPtoPDFconversion=\toks22
) (C:\Users\xolor\AppData\Local\Programs\MiKTeX\tex/latex/epstopdf-pkg\epstopdf-base.sty
Package: epstopdf-base 2020-01-24 v2.11 Base part for package epstopdf
Package epstopdf-base Info: Redefining graphics rule for `.eps' on input line 485.
 (C:\Users\xolor\AppData\Local\Programs\MiKTeX\tex/latex/00miktex\epstopdf-sys.cfg
File: epstopdf-sys.cfg 2021/03/18 v2.0 Configuration of epstopdf for MiKTeX
))
Package hyperref Info: Link coloring OFF on input line 13.
 (report.out) (report.out)
\@outlinefile=\write3
\openout3 = `report.out'.


Overfull \hbox (30.13759pt too wide) in paragraph at lines 32--33
[]\OT1/cmr/bx/n/10.95 ChromaDB\OT1/cmr/m/n/10.95 : Database vet-to-ri-ale open-source uti-liz-zato come memo-ria lo-cale per l'indicizzazione
 []

[1

{C:/Users/xolor/AppData/Local/MiKTeX/fonts/map/pdftex/pdftex.map}]
<images/graph.png, id=83, 230.8625pt x 832.10875pt>
File: images/graph.png Graphic file (type png)
<use images/graph.png>
Package pdftex.def Info: images/graph.png  used on input line 47.
(pdftex.def)             Requested size: 91.04742pt x 328.16513pt.
LaTeX Font Info:    Font shape `OT1/cmtt/bx/n' in size <10.95> not available
(Font)              Font shape `OT1/cmtt/m/n' tried instead on input line 59.
 [2
pdfTeX warning (ext4): destination with the same identifier (name{figure.1}) has been already used, duplicate ignored
<argument> ...shipout:D \box_use:N \l_shipout_box 
                                                  \__shipout_drop_firstpage_...
l.61     \item \textbf
                      {\texttt{cerca\_e\_leggi\_sul\_web} (Web Tool)}: Conse... <./images/graph.png (PNG copy)>]
Overfull \hbox (26.71402pt too wide) in paragraph at lines 63--64
[]\OT1/cmtt/m/n/10.95 aggiorna[]knowledge[]graph[]db\OT1/cmr/m/n/10.95 : As-si-cura l'aggiornamento in-cre-men-tale della base di conoscenza
 []

LaTeX Font Info:    Font shape `OT1/cmtt/bx/n' in size <12> not available
(Font)              Font shape `OT1/cmtt/m/n' tried instead on input line 75.
[3]
Overfull \hbox (2.48735pt too wide) in paragraph at lines 89--90
[]\OT1/cmr/m/it/10.95 Ricerca Lessi-cale (Sparse/Keyword Re-trieval): \OT1/cmr/m/n/10.95 In par-al-lelo, viene ap-pli-cato l'algoritmo
 []


Overfull \hbox (4.30978pt too wide) in paragraph at lines 114--115
\OT1/cmr/m/n/10.95 Questo stru-mento en-tra in gioco come mec-ca-n-ismo di \OT1/cmr/m/it/10.95 fall-back \OT1/cmr/m/n/10.95 e in-te-grazione in-tel-li-gente. Richiam-
 []

[4]
Overfull \hbox (20.86562pt too wide) in paragraph at lines 116--117
[]\OT1/cmr/m/n/10.95 Per garan-tire un'elevata qualit^^Ra e af-fid-abilit^^Ra delle in-for-mazioni rac-colte, scon-giu-rando l'estrazione
 []


Overfull \hbox (81.15907pt too wide) in paragraph at lines 128--129
\OT1/cmr/m/n/10.95 Successivamente all'esecuzione del \OT1/cmtt/m/n/10.95 resource[]researcher\OT1/cmr/m/n/10.95 , il flusso del grafo passa al nodo \OT1/cmtt/m/n/10.95 quality[]fact[]checker\OT1/cmr/m/n/10.95 .
 []

[5]
Overfull \hbox (2.7301pt too wide) in paragraph at lines 160--161
\OT1/cmr/m/n/10.95 deve es-plici-ta-mente in-clud-ere citazioni nel testo per di-mostrare l'utilizzo delle fonti. Quando
 []


Overfull \hbox (7.51392pt too wide) in paragraph at lines 160--161
\OT1/cmr/m/n/10.95 uti-lizza dati vin-colanti del database lo-cale, deve in-serire il tag \OT1/cmtt/m/n/10.95 [Fonte: Knowledge Graph]\OT1/cmr/m/n/10.95 ;
 []

[6]
Overfull \hbox (17.7661pt too wide) in paragraph at lines 165--166
\OT1/cmr/m/n/10.95 sioni re-go-lari e ma-nipo-lazione di stringhe, sep-a-rando il titolo gen-er-ato dal corpo ef-fet-tivo dell'articolo.
 []

[7]
Overfull \hbox (2.7853pt too wide) in paragraph at lines 215--215
[]\OT1/cmr/bx/n/14.4 Il Nodo KG Up-dater e il con-sol-i-da-mento del Knowl-edge Graph 
 []


Overfull \hbox (6.36021pt too wide) in paragraph at lines 217--218
\OT1/cmr/m/n/10.95 (\OT1/cmtt/m/n/10.95 status = "approved"\OT1/cmr/m/n/10.95 ), il flusso dell'agente im-bocca il suo ul-timo pas-sag-gio: il nodo \OT1/cmtt/m/n/10.95 kg[]updater\OT1/cmr/m/n/10.95 .
 []

[8]
Overfull \hbox (1.33794pt too wide) in paragraph at lines 228--229
\OT1/cmr/m/n/10.95 (es. \OT1/cmtt/m/n/10.95 USA[]INGREDIENTE\OT1/cmr/m/n/10.95 , \OT1/cmtt/m/n/10.95 USA[]TECNICA\OT1/cmr/m/n/10.95 , \OT1/cmtt/m/n/10.95 TIPO[]DI[]PIATTO\OT1/cmr/m/n/10.95 ), avendo sem-pre il nome della ricetta
 []


Overfull \hbox (8.734pt too wide) in paragraph at lines 234--235
[]\OT1/cmr/m/n/10.95 Registra le fonti web uti-liz-zate as-so-cian-dole al nodo del post tramite l'arco \OT1/cmtt/m/n/10.95 USES[]SOURCE\OT1/cmr/m/n/10.95 ,
 []

[9] (report.aux)
 ***********
LaTeX2e <2026-06-01>
L3 programming layer <2026-05-26>
 ***********
Package rerunfilecheck Info: File `report.out' has not changed.
(rerunfilecheck)             Checksum: A2E5027EA376BF828DE807CE2BC2CF8B;4624.
 ) 
Here is how much of TeX's memory you used:
 9055 strings out of 467509
 143041 string characters out of 5408780
 574776 words of memory out of 5000000
 38181 multiletter control sequences out of 15000+600000
 630862 words of font info for 51 fonts, out of 8000000 for 9000
 1141 hyphenation exceptions out of 8191
 74i,6n,79p,763b,618s stack positions out of 10000i,1000n,20000p,200000b,200000s
 <C:\Users\xolor\AppData\Local\MiKTeX\fonts/pk/ljfour/jknappen/ec/dpi600\tcrm1095.pk><C:/Users/xolor/AppData/Local/Programs/MiKTeX/fonts/type1/public/amsfonts/cm/cmbx10.pfb><C:/Users/xolor/AppData/Local/Programs/MiKTeX/fonts/type1/public/amsfonts/cm/cmbx12.pfb><C:/Users/xolor/AppData/Local/Programs/MiKTeX/fonts/type1/public/amsfonts/cm/cmr10.pfb><C:/Users/xolor/AppData/Local/Programs/MiKTeX/fonts/type1/public/amsfonts/cm/cmr12.pfb><C:/Users/xolor/AppData/Local/Programs/MiKTeX/fonts/type1/public/amsfonts/cm/cmr17.pfb><C:/Users/xolor/AppData/Local/Programs/MiKTeX/fonts/type1/public/amsfonts/cm/cmti10.pfb><C:/Users/xolor/AppData/Local/Programs/MiKTeX/fonts/type1/public/amsfonts/cm/cmtt10.pfb><C:/Users/xolor/AppData/Local/Programs/MiKTeX/fonts/type1/public/amsfonts/cm/cmtt12.pfb>
Output written on report.pdf (9 pages, 212773 bytes).
PDF statistics:
 184 PDF objects out of 1000 (max. 8388607)
 40 named destinations out of 1000 (max. 500000)
 142 words of extra memory for PDF output out of 10000 (max. 10000000)

